1558459350.513682 client started (5295): version 2.9a, socket /private/tmp/tmux-502/default, protocol 8
1558459350.513753 on Darwin 18.6.0 Darwin Kernel Version 18.6.0: Thu Apr 25 23:16:27 PDT 2019; root:xnu-4903.261.4~2/RELEASE_X86_64; libevent 2.1.8-stable (select)
1558459350.513799 socket is /private/tmp/tmux-502/default
1558459350.513822 trying connect
1558459350.513851 connect failed: No such file or directory
1558459350.514115 lock file is /private/tmp/tmux-502/default.lock
1558459350.514219 flock succeeded
1558459350.514232 got lock (6)
1558459350.514243 trying connect
1558459350.514259 connect failed: No such file or directory
1558459350.515002 add peer 0x1085d7000: 7 (0x0)
1558459350.516574 sending message 100 to peer 0x1085d7000 (4 bytes)
1558459350.516663 sending message 101 to peer 0x1085d7000 (15 bytes)
1558459350.516691 sending message 102 to peer 0x1085d7000 (13 bytes)
1558459350.516707 sending message 108 to peer 0x1085d7000 (28 bytes)
1558459350.516737 sending message 104 to peer 0x1085d7000 (0 bytes)
1558459350.516752 sending message 107 to peer 0x1085d7000 (4 bytes)
1558459350.516765 sending message 105 to peer 0x1085d7000 (105 bytes)
1558459350.516782 sending message 105 to peer 0x1085d7000 (18 bytes)
1558459350.516799 sending message 105 to peer 0x1085d7000 (23 bytes)
1558459350.516818 sending message 105 to peer 0x1085d7000 (36 bytes)
1558459350.516834 sending message 105 to peer 0x1085d7000 (20 bytes)
1558459350.517536 sending message 105 to peer 0x1085d7000 (16 bytes)
1558459350.517556 sending message 105 to peer 0x1085d7000 (57 bytes)
1558459350.517571 sending message 105 to peer 0x1085d7000 (34 bytes)
1558459350.517584 sending message 105 to peer 0x1085d7000 (76 bytes)
1558459350.517594 sending message 105 to peer 0x1085d7000 (27 bytes)
1558459350.517605 sending message 105 to peer 0x1085d7000 (60 bytes)
1558459350.517615 sending message 105 to peer 0x1085d7000 (17 bytes)
1558459350.517626 sending message 105 to peer 0x1085d7000 (22 bytes)
1558459350.517637 sending message 105 to peer 0x1085d7000 (66 bytes)
1558459350.517649 sending message 105 to peer 0x1085d7000 (32 bytes)
1558459350.517660 sending message 105 to peer 0x1085d7000 (24 bytes)
1558459350.517672 sending message 105 to peer 0x1085d7000 (313 bytes)
1558459350.517687 sending message 105 to peer 0x1085d7000 (32 bytes)
1558459350.517700 sending message 105 to peer 0x1085d7000 (41 bytes)
1558459350.517709 sending message 105 to peer 0x1085d7000 (17 bytes)
1558459350.517719 sending message 105 to peer 0x1085d7000 (22 bytes)
1558459350.517729 sending message 105 to peer 0x1085d7000 (14 bytes)
1558459350.517739 sending message 105 to peer 0x1085d7000 (91 bytes)
1558459350.517750 sending message 105 to peer 0x1085d7000 (19 bytes)
1558459350.517760 sending message 105 to peer 0x1085d7000 (17 bytes)
1558459350.517770 sending message 105 to peer 0x1085d7000 (8 bytes)
1558459350.517781 sending message 105 to peer 0x1085d7000 (24 bytes)
1558459350.517790 sending message 105 to peer 0x1085d7000 (14 bytes)
1558459350.517803 sending message 105 to peer 0x1085d7000 (61 bytes)
1558459350.517818 sending message 105 to peer 0x1085d7000 (34 bytes)
1558459350.517831 sending message 105 to peer 0x1085d7000 (20 bytes)
1558459350.517843 sending message 105 to peer 0x1085d7000 (21 bytes)
1558459350.517855 sending message 105 to peer 0x1085d7000 (24 bytes)
1558459350.517868 sending message 105 to peer 0x1085d7000 (20 bytes)
1558459350.517881 sending message 105 to peer 0x1085d7000 (26 bytes)
1558459350.517891 sending message 105 to peer 0x1085d7000 (22 bytes)
1558459350.517901 sending message 106 to peer 0x1085d7000 (0 bytes)
1558459350.517917 sending message 200 to peer 0x1085d7000 (4 bytes)
1558459350.517928 client loop enter
1558459350.550862 peer 0x1085d7000 message 207
1558459350.550899 sending message 208 to peer 0x1085d7000 (0 bytes)
1558459356.153542 peer 0x1085d7000 message 203
1558459356.153588 sending message 205 to peer 0x1085d7000 (0 bytes)
1558459356.153870 peer 0x1085d7000 message 204
1558459356.153883 client loop exit
